

Opened log file at Mon Aug 25 13:24:56 2014



Opened log file at Mon Aug 25 13:25:21 2014



Opened log file at Mon Aug 25 13:28:22 2014



Opened log file at Mon Aug 25 13:29:19 2014



Opened log file at Mon Aug 25 13:31:23 2014



Opened log file at Mon Aug 25 13:38:49 2014



Opened log file at Mon Aug 25 13:39:14 2014



Opened log file at Mon Aug 25 13:41:55 2014



Opened log file at Mon Aug 25 13:42:32 2014



Opened log file at Mon Aug 25 14:18:41 2014



Opened log file at Wed Aug 27 15:20:35 2014



Opened log file at Wed Aug 27 15:21:17 2014



Opened log file at Wed Aug 27 15:22:53 2014



Opened log file at Wed Aug 27 15:25:25 2014

Wed Aug 27 15:31:25 2014
 Skipped (dropped?) packets 1 - 25999


Opened log file at Wed Aug 27 15:33:10 2014



Opened log file at Wed Aug 27 16:24:02 2014



Opened log file at Tue Sep  9 19:51:11 2014



Opened log file at Tue Sep  9 19:52:02 2014



Opened log file at Tue Sep  9 19:53:05 2014

